Determining if the pthread_create exist failed with the following output:
Change Dir: /home/biorob/coman_workspace/build/CMakeFiles/CMakeTmp

Run Build Command:/usr/bin/make "cmTryCompileExec3528678678/fast"
/usr/bin/make -f CMakeFiles/cmTryCompileExec3528678678.dir/build.make CMakeFiles/cmTryCompileExec3528678678.dir/build
make[1]: Entering directory `/home/biorob/coman_workspace/build/CMakeFiles/CMakeTmp'
/usr/bin/cmake -E cmake_progress_report /home/biorob/coman_workspace/build/CMakeFiles/CMakeTmp/CMakeFiles 1
Building C object CMakeFiles/cmTryCompileExec3528678678.dir/CheckSymbolExists.c.o
/usr/bin/cc    -o CMakeFiles/cmTryCompileExec3528678678.dir/CheckSymbolExists.c.o   -c /home/biorob/coman_workspace/build/CMakeFiles/CMakeTmp/CheckSymbolExists.c
Linking C executable cmTryCompileExec3528678678
/usr/bin/cmake -E cmake_link_script CMakeFiles/cmTryCompileExec3528678678.dir/link.txt --verbose=1
/usr/bin/cc       CMakeFiles/cmTryCompileExec3528678678.dir/CheckSymbolExists.c.o  -o cmTryCompileExec3528678678 -rdynamic 
CMakeFiles/cmTryCompileExec3528678678.dir/CheckSymbolExists.c.o: In function `main':
CheckSymbolExists.c:(.text+0x16): undefined reference to `pthread_create'
collect2: error: ld returned 1 exit status
make[1]: Leaving directory `/home/biorob/coman_workspace/build/CMakeFiles/CMakeTmp'
make[1]: *** [cmTryCompileExec3528678678] Error 1
make: *** [cmTryCompileExec3528678678/fast] Error 2

File /home/biorob/coman_workspace/build/CMakeFiles/CMakeTmp/CheckSymbolExists.c:
/* */
#include <pthread.h>

int main(int argc, char** argv)
{
  (void)argv;
#ifndef pthread_create
  return ((int*)(&pthread_create))[argc];
#else
  (void)argc;
  return 0;
#endif
}

Determining if the function pthread_create exists in the pthreads failed with the following output:
Change Dir: /home/biorob/coman_workspace/build/CMakeFiles/CMakeTmp

Run Build Command:/usr/bin/make "cmTryCompileExec1036781368/fast"
/usr/bin/make -f CMakeFiles/cmTryCompileExec1036781368.dir/build.make CMakeFiles/cmTryCompileExec1036781368.dir/build
make[1]: Entering directory `/home/biorob/coman_workspace/build/CMakeFiles/CMakeTmp'
/usr/bin/cmake -E cmake_progress_report /home/biorob/coman_workspace/build/CMakeFiles/CMakeTmp/CMakeFiles 1
Building C object CMakeFiles/cmTryCompileExec1036781368.dir/CheckFunctionExists.c.o
/usr/bin/cc   -DCHECK_FUNCTION_EXISTS=pthread_create   -o CMakeFiles/cmTryCompileExec1036781368.dir/CheckFunctionExists.c.o   -c /usr/share/cmake-2.8/Modules/CheckFunctionExists.c
Linking C executable cmTryCompileExec1036781368
/usr/bin/cmake -E cmake_link_script CMakeFiles/cmTryCompileExec1036781368.dir/link.txt --verbose=1
/usr/bin/cc   -DCHECK_FUNCTION_EXISTS=pthread_create    CMakeFiles/cmTryCompileExec1036781368.dir/CheckFunctionExists.c.o  -o cmTryCompileExec1036781368 -rdynamic -lpthreads 
/usr/bin/ld: cannot find -lpthreads
collect2: error: ld returned 1 exit status
make[1]: Leaving directory `/home/biorob/coman_workspace/build/CMakeFiles/CMakeTmp'
make[1]: *** [cmTryCompileExec1036781368] Error 1
make: *** [cmTryCompileExec1036781368/fast] Error 2


